<?xml version="1.0" encoding="UTF-8"?>
<testsuite name="net.anna.jwtappawss3.service.S3ServiceTest" tests="6" skipped="0" failures="1" errors="0" timestamp="2022-11-17T17:42:45" hostname="host-156" time="3.025">
  <properties/>
  <testcase name="testUploadFile()" classname="net.anna.jwtappawss3.service.S3ServiceTest" time="1.371"/>
  <testcase name="testListFiles()" classname="net.anna.jwtappawss3.service.S3ServiceTest" time="0.263"/>
  <testcase name="testListBuckets()" classname="net.anna.jwtappawss3.service.S3ServiceTest" time="0.808"/>
  <testcase name="testDeleteFile()" classname="net.anna.jwtappawss3.service.S3ServiceTest" time="0.184"/>
  <testcase name="testCreateBucket()" classname="net.anna.jwtappawss3.service.S3ServiceTest" time="0.219"/>
  <testcase name="testDownloadFile()" classname="net.anna.jwtappawss3.service.S3ServiceTest" time="0.172">
    <failure message="com.amazonaws.services.s3.model.AmazonS3Exception: The specified key does not exist. (Service: Amazon S3; Status Code: 404; Error Code: NoSuchKey; Request ID: 6JB8WAXHRV08Z0WX; S3 Extended Request ID: H1CVSDfMCMi5+rn3WXprBNxDAnLLjjJn4IGJnGixTGo9f9yazgpvPStiKwGeV6xDIrLaysmptlU=; Proxy: null), S3 Extended Request ID: H1CVSDfMCMi5+rn3WXprBNxDAnLLjjJn4IGJnGixTGo9f9yazgpvPStiKwGeV6xDIrLaysmptlU=" type="com.amazonaws.services.s3.model.AmazonS3Exception">com.amazonaws.services.s3.model.AmazonS3Exception: The specified key does not exist. (Service: Amazon S3; Status Code: 404; Error Code: NoSuchKey; Request ID: 6JB8WAXHRV08Z0WX; S3 Extended Request ID: H1CVSDfMCMi5+rn3WXprBNxDAnLLjjJn4IGJnGixTGo9f9yazgpvPStiKwGeV6xDIrLaysmptlU=; Proxy: null), S3 Extended Request ID: H1CVSDfMCMi5+rn3WXprBNxDAnLLjjJn4IGJnGixTGo9f9yazgpvPStiKwGeV6xDIrLaysmptlU=
	at app//com.amazonaws.http.AmazonHttpClient$RequestExecutor.handleErrorResponse(AmazonHttpClient.java:1862)
	at app//com.amazonaws.http.AmazonHttpClient$RequestExecutor.handleServiceErrorResponse(AmazonHttpClient.java:1415)
	at app//com.amazonaws.http.AmazonHttpClient$RequestExecutor.executeOneRequest(AmazonHttpClient.java:1384)
	at app//com.amazonaws.http.AmazonHttpClient$RequestExecutor.executeHelper(AmazonHttpClient.java:1154)
	at app//com.amazonaws.http.AmazonHttpClient$RequestExecutor.doExecute(AmazonHttpClient.java:811)
	at app//com.amazonaws.http.AmazonHttpClient$RequestExecutor.executeWithTimer(AmazonHttpClient.java:779)
	at app//com.amazonaws.http.AmazonHttpClient$RequestExecutor.execute(AmazonHttpClient.java:753)
	at app//com.amazonaws.http.AmazonHttpClient$RequestExecutor.access$500(AmazonHttpClient.java:713)
	at app//com.amazonaws.http.AmazonHttpClient$RequestExecutionBuilderImpl.execute(AmazonHttpClient.java:695)
	at app//com.amazonaws.http.AmazonHttpClient.execute(AmazonHttpClient.java:559)
	at app//com.amazonaws.http.AmazonHttpClient.execute(AmazonHttpClient.java:539)
	at app//com.amazonaws.services.s3.AmazonS3Client.invoke(AmazonS3Client.java:5438)
	at app//com.amazonaws.services.s3.AmazonS3Client.invoke(AmazonS3Client.java:5385)
	at app//com.amazonaws.services.s3.AmazonS3Client.getObject(AmazonS3Client.java:1520)
	at app//com.amazonaws.services.s3.AmazonS3Client.getObject(AmazonS3Client.java:1374)
	at app//net.anna.jwtappawss3.service.S3Service.downloadFile(S3Service.java:61)
	at app//net.anna.jwtappawss3.service.S3ServiceTest.testDownloadFile(S3ServiceTest.java:34)
	at java.base@11.0.9.1/jdk.internal.reflect.NativeMethodAccessorImpl.invoke0(Native Method)
	at java.base@11.0.9.1/jdk.internal.reflect.NativeMethodAccessorImpl.invoke(NativeMethodAccessorImpl.java:62)
	at java.base@11.0.9.1/jdk.internal.reflect.DelegatingMethodAccessorImpl.invoke(DelegatingMethodAccessorImpl.java:43)
	at java.base@11.0.9.1/java.lang.reflect.Method.invoke(Method.java:566)
	at app//org.junit.platform.commons.util.ReflectionUtils.invokeMethod(ReflectionUtils.java:688)
	at app//org.junit.jupiter.engine.execution.MethodInvocation.proceed(MethodInvocation.java:60)
	at app//org.junit.jupiter.engine.execution.InvocationInterceptorChain$ValidatingInvocation.proceed(InvocationInterceptorChain.java:131)
	at app//org.junit.jupiter.engine.extension.TimeoutExtension.intercept(TimeoutExtension.java:149)
	at app//org.junit.jupiter.engine.extension.TimeoutExtension.interceptTestableMethod(TimeoutExtension.java:140)
	at app//org.junit.jupiter.engine.extension.TimeoutExtension.interceptTestMethod(TimeoutExtension.java:84)
	at app//org.junit.jupiter.engine.execution.ExecutableInvoker$ReflectiveInterceptorCall.lambda$ofVoidMethod$0(ExecutableInvoker.java:115)
	at app//org.junit.jupiter.engine.execution.ExecutableInvoker.lambda$invoke$0(ExecutableInvoker.java:105)
	at app//org.junit.jupiter.engine.execution.InvocationInterceptorChain$InterceptedInvocation.proceed(InvocationInterceptorChain.java:106)
	at app//org.junit.jupiter.engine.execution.InvocationInterceptorChain.proceed(InvocationInterceptorChain.java:64)
	at app//org.junit.jupiter.engine.execution.InvocationInterceptorChain.chainAndInvoke(InvocationInterceptorChain.java:45)
	at app//org.junit.jupiter.engine.execution.InvocationInterceptorChain.invoke(InvocationInterceptorChain.java:37)
	at app//org.junit.jupiter.engine.execution.ExecutableInvoker.invoke(ExecutableInvoker.java:104)
	at app//org.junit.jupiter.engine.execution.ExecutableInvoker.invoke(ExecutableInvoker.java:98)
	at app//org.junit.jupiter.engine.descriptor.TestMethodTestDescriptor.lambda$invokeTestMethod$6(TestMethodTestDescriptor.java:210)
	at app//org.junit.platform.engine.support.hierarchical.ThrowableCollector.execute(ThrowableCollector.java:73)
	at app//org.junit.jupiter.engine.descriptor.TestMethodTestDescriptor.invokeTestMethod(TestMethodTestDescriptor.java:206)
	at app//org.junit.jupiter.engine.descriptor.TestMethodTestDescriptor.execute(TestMethodTestDescriptor.java:131)
	at app//org.junit.jupiter.engine.descriptor.TestMethodTestDescriptor.execute(TestMethodTestDescriptor.java:65)
	at app//org.junit.platform.engine.support.hierarchical.NodeTestTask.lambda$executeRecursively$5(NodeTestTask.java:139)
	at app//org.junit.platform.engine.support.hierarchical.ThrowableCollector.execute(ThrowableCollector.java:73)
	at app//org.junit.platform.engine.support.hierarchical.NodeTestTask.lambda$executeRecursively$7(NodeTestTask.java:129)
	at app//org.junit.platform.engine.support.hierarchical.Node.around(Node.java:137)
	at app//org.junit.platform.engine.support.hierarchical.NodeTestTask.lambda$executeRecursively$8(NodeTestTask.java:127)
	at app//org.junit.platform.engine.support.hierarchical.ThrowableCollector.execute(ThrowableCollector.java:73)
	at app//org.junit.platform.engine.support.hierarchical.NodeTestTask.executeRecursively(NodeTestTask.java:126)
	at app//org.junit.platform.engine.support.hierarchical.NodeTestTask.execute(NodeTestTask.java:84)
	at java.base@11.0.9.1/java.util.ArrayList.forEach(ArrayList.java:1541)
	at app//org.junit.platform.engine.support.hierarchical.SameThreadHierarchicalTestExecutorService.invokeAll(SameThreadHierarchicalTestExecutorService.java:38)
	at app//org.junit.platform.engine.support.hierarchical.NodeTestTask.lambda$executeRecursively$5(NodeTestTask.java:143)
	at app//org.junit.platform.engine.support.hierarchical.ThrowableCollector.execute(ThrowableCollector.java:73)
	at app//org.junit.platform.engine.support.hierarchical.NodeTestTask.lambda$executeRecursively$7(NodeTestTask.java:129)
	at app//org.junit.platform.engine.support.hierarchical.Node.around(Node.java:137)
	at app//org.junit.platform.engine.support.hierarchical.NodeTestTask.lambda$executeRecursively$8(NodeTestTask.java:127)
	at app//org.junit.platform.engine.support.hierarchical.ThrowableCollector.execute(ThrowableCollector.java:73)
	at app//org.junit.platform.engine.support.hierarchical.NodeTestTask.executeRecursively(NodeTestTask.java:126)
	at app//org.junit.platform.engine.support.hierarchical.NodeTestTask.execute(NodeTestTask.java:84)
	at java.base@11.0.9.1/java.util.ArrayList.forEach(ArrayList.java:1541)
	at app//org.junit.platform.engine.support.hierarchical.SameThreadHierarchicalTestExecutorService.invokeAll(SameThreadHierarchicalTestExecutorService.java:38)
	at app//org.junit.platform.engine.support.hierarchical.NodeTestTask.lambda$executeRecursively$5(NodeTestTask.java:143)
	at app//org.junit.platform.engine.support.hierarchical.ThrowableCollector.execute(ThrowableCollector.java:73)
	at app//org.junit.platform.engine.support.hierarchical.NodeTestTask.lambda$executeRecursively$7(NodeTestTask.java:129)
	at app//org.junit.platform.engine.support.hierarchical.Node.around(Node.java:137)
	at app//org.junit.platform.engine.support.hierarchical.NodeTestTask.lambda$executeRecursively$8(NodeTestTask.java:127)
	at app//org.junit.platform.engine.support.hierarchical.ThrowableCollector.execute(ThrowableCollector.java:73)
	at app//org.junit.platform.engine.support.hierarchical.NodeTestTask.executeRecursively(NodeTestTask.java:126)
	at app//org.junit.platform.engine.support.hierarchical.NodeTestTask.execute(NodeTestTask.java:84)
	at app//org.junit.platform.engine.support.hierarchical.SameThreadHierarchicalTestExecutorService.submit(SameThreadHierarchicalTestExecutorService.java:32)
	at app//org.junit.platform.engine.support.hierarchical.HierarchicalTestExecutor.execute(HierarchicalTestExecutor.java:57)
	at app//org.junit.platform.engine.support.hierarchical.HierarchicalTestEngine.execute(HierarchicalTestEngine.java:51)
	at org.junit.platform.launcher.core.EngineExecutionOrchestrator.execute(EngineExecutionOrchestrator.java:107)
	at org.junit.platform.launcher.core.EngineExecutionOrchestrator.execute(EngineExecutionOrchestrator.java:88)
	at org.junit.platform.launcher.core.EngineExecutionOrchestrator.lambda$execute$0(EngineExecutionOrchestrator.java:54)
	at org.junit.platform.launcher.core.EngineExecutionOrchestrator.withInterceptedStreams(EngineExecutionOrchestrator.java:67)
	at org.junit.platform.launcher.core.EngineExecutionOrchestrator.execute(EngineExecutionOrchestrator.java:52)
	at org.junit.platform.launcher.core.DefaultLauncher.execute(DefaultLauncher.java:114)
	at org.junit.platform.launcher.core.DefaultLauncher.execute(DefaultLauncher.java:86)
	at org.junit.platform.launcher.core.DefaultLauncherSession$DelegatingLauncher.execute(DefaultLauncherSession.java:86)
	at org.junit.platform.launcher.core.SessionPerRequestLauncher.execute(SessionPerRequestLauncher.java:53)
	at org.gradle.api.internal.tasks.testing.junitplatform.JUnitPlatformTestClassProcessor$CollectAllTestClassesExecutor.processAllTestClasses(JUnitPlatformTestClassProcessor.java:99)
	at org.gradle.api.internal.tasks.testing.junitplatform.JUnitPlatformTestClassProcessor$CollectAllTestClassesExecutor.access$000(JUnitPlatformTestClassProcessor.java:79)
	at org.gradle.api.internal.tasks.testing.junitplatform.JUnitPlatformTestClassProcessor.stop(JUnitPlatformTestClassProcessor.java:75)
	at org.gradle.api.internal.tasks.testing.SuiteTestClassProcessor.stop(SuiteTestClassProcessor.java:61)
	at java.base@11.0.9.1/jdk.internal.reflect.NativeMethodAccessorImpl.invoke0(Native Method)
	at java.base@11.0.9.1/jdk.internal.reflect.NativeMethodAccessorImpl.invoke(NativeMethodAccessorImpl.java:62)
	at java.base@11.0.9.1/jdk.internal.reflect.DelegatingMethodAccessorImpl.invoke(DelegatingMethodAccessorImpl.java:43)
	at java.base@11.0.9.1/java.lang.reflect.Method.invoke(Method.java:566)
	at org.gradle.internal.dispatch.ReflectionDispatch.dispatch(ReflectionDispatch.java:36)
	at org.gradle.internal.dispatch.ReflectionDispatch.dispatch(ReflectionDispatch.java:24)
	at org.gradle.internal.dispatch.ContextClassLoaderDispatch.dispatch(ContextClassLoaderDispatch.java:33)
	at org.gradle.internal.dispatch.ProxyDispatchAdapter$DispatchingInvocationHandler.invoke(ProxyDispatchAdapter.java:94)
	at com.sun.proxy.$Proxy2.stop(Unknown Source)
	at org.gradle.api.internal.tasks.testing.worker.TestWorker$3.run(TestWorker.java:193)
	at org.gradle.api.internal.tasks.testing.worker.TestWorker.executeAndMaintainThreadName(TestWorker.java:129)
	at org.gradle.api.internal.tasks.testing.worker.TestWorker.execute(TestWorker.java:100)
	at org.gradle.api.internal.tasks.testing.worker.TestWorker.execute(TestWorker.java:60)
	at org.gradle.process.internal.worker.child.ActionExecutionWorker.execute(ActionExecutionWorker.java:56)
	at org.gradle.process.internal.worker.child.SystemApplicationClassLoaderWorker.call(SystemApplicationClassLoaderWorker.java:133)
	at org.gradle.process.internal.worker.child.SystemApplicationClassLoaderWorker.call(SystemApplicationClassLoaderWorker.java:71)
	at app//worker.org.gradle.process.internal.worker.GradleWorkerMain.run(GradleWorkerMain.java:69)
	at app//worker.org.gradle.process.internal.worker.GradleWorkerMain.main(GradleWorkerMain.java:74)
</failure>
  </testcase>
  <system-out><![CDATA[20:42:39.328 [Test worker] DEBUG org.springframework.test.context.BootstrapUtils - Instantiating CacheAwareContextLoaderDelegate from class [org.springframework.test.context.cache.DefaultCacheAwareContextLoaderDelegate]
20:42:39.345 [Test worker] DEBUG org.springframework.test.context.BootstrapUtils - Instantiating BootstrapContext using constructor [public org.springframework.test.context.support.DefaultBootstrapContext(java.lang.Class,org.springframework.test.context.CacheAwareContextLoaderDelegate)]
20:42:39.394 [Test worker] DEBUG org.springframework.test.context.BootstrapUtils - Instantiating TestContextBootstrapper for test class [net.anna.jwtappawss3.service.S3ServiceTest] from class [org.springframework.boot.test.context.SpringBootTestContextBootstrapper]
20:42:39.409 [Test worker] INFO org.springframework.boot.test.context.SpringBootTestContextBootstrapper - Neither @ContextConfiguration nor @ContextHierarchy found for test class [net.anna.jwtappawss3.service.S3ServiceTest], using SpringBootContextLoader
20:42:39.414 [Test worker] DEBUG org.springframework.test.context.support.AbstractContextLoader - Did not detect default resource location for test class [net.anna.jwtappawss3.service.S3ServiceTest]: class path resource [net/anna/jwtappawss3/service/S3ServiceTest-context.xml] does not exist
20:42:39.415 [Test worker] DEBUG org.springframework.test.context.support.AbstractContextLoader - Did not detect default resource location for test class [net.anna.jwtappawss3.service.S3ServiceTest]: class path resource [net/anna/jwtappawss3/service/S3ServiceTestContext.groovy] does not exist
20:42:39.415 [Test worker] INFO org.springframework.test.context.support.AbstractContextLoader - Could not detect default resource locations for test class [net.anna.jwtappawss3.service.S3ServiceTest]: no resource found for suffixes {-context.xml, Context.groovy}.
20:42:39.416 [Test worker] INFO org.springframework.test.context.support.AnnotationConfigContextLoaderUtils - Could not detect default configuration classes for test class [net.anna.jwtappawss3.service.S3ServiceTest]: S3ServiceTest does not declare any static, non-private, non-final, nested classes annotated with @Configuration.
20:42:39.471 [Test worker] DEBUG org.springframework.test.context.support.ActiveProfilesUtils - Could not find an 'annotation declaring class' for annotation type [org.springframework.test.context.ActiveProfiles] and class [net.anna.jwtappawss3.service.S3ServiceTest]
20:42:39.525 [Test worker] DEBUG org.springframework.context.annotation.ClassPathScanningCandidateComponentProvider - Identified candidate component class: file [/home/anya/jwtappawss3/build/classes/java/main/net/anna/jwtappawss3/JwtAppAwsS3Application.class]
20:42:39.526 [Test worker] INFO org.springframework.boot.test.context.SpringBootTestContextBootstrapper - Found @SpringBootConfiguration net.anna.jwtappawss3.JwtAppAwsS3Application for test class net.anna.jwtappawss3.service.S3ServiceTest
20:42:39.642 [Test worker] DEBUG org.springframework.boot.test.context.SpringBootTestContextBootstrapper - @TestExecutionListeners is not present for class [net.anna.jwtappawss3.service.S3ServiceTest]: using defaults.
20:42:39.643 [Test worker] INFO org.springframework.boot.test.context.SpringBootTestContextBootstrapper - Loaded default TestExecutionListener class names from location [META-INF/spring.factories]: [org.springframework.security.test.context.support.WithSecurityContextTestExecutionListener, org.springframework.security.test.context.support.ReactorContextTestExecutionListener, org.springframework.boot.test.autoconfigure.restdocs.RestDocsTestExecutionListener, org.springframework.boot.test.autoconfigure.web.client.MockRestServiceServerResetTestExecutionListener, org.springframework.boot.test.autoconfigure.web.servlet.MockMvcPrintOnlyOnFailureTestExecutionListener, org.springframework.boot.test.autoconfigure.web.servlet.WebDriverTestExecutionListener, org.springframework.boot.test.autoconfigure.webservices.client.MockWebServiceServerTestExecutionListener, org.springframework.boot.test.mock.mockito.MockitoTestExecutionListener, org.springframework.boot.test.mock.mockito.ResetMocksTestExecutionListener, org.springframework.test.context.web.ServletTestExecutionListener, org.springframework.test.context.support.DirtiesContextBeforeModesTestExecutionListener, org.springframework.test.context.event.ApplicationEventsTestExecutionListener, org.springframework.test.context.support.DependencyInjectionTestExecutionListener, org.springframework.test.context.support.DirtiesContextTestExecutionListener, org.springframework.test.context.transaction.TransactionalTestExecutionListener, org.springframework.test.context.jdbc.SqlScriptsTestExecutionListener, org.springframework.test.context.event.EventPublishingTestExecutionListener]
20:42:39.664 [Test worker] INFO org.springframework.boot.test.context.SpringBootTestContextBootstrapper - Using TestExecutionListeners: [org.springframework.test.context.web.ServletTestExecutionListener@1c32886a, org.springframework.test.context.support.DirtiesContextBeforeModesTestExecutionListener@3a4b0e5d, org.springframework.test.context.event.ApplicationEventsTestExecutionListener@10b892d5, org.springframework.boot.test.mock.mockito.MockitoTestExecutionListener@3d3f761a, org.springframework.boot.test.autoconfigure.SpringBootDependencyInjectionTestExecutionListener@3546d80f, org.springframework.test.context.support.DirtiesContextTestExecutionListener@579d011c, org.springframework.test.context.transaction.TransactionalTestExecutionListener@3670f00, org.springframework.test.context.jdbc.SqlScriptsTestExecutionListener@452e26d0, org.springframework.security.test.context.support.WithSecurityContextTestExecutionListener@46ab18da, org.springframework.test.context.event.EventPublishingTestExecutionListener@790174f2, org.springframework.security.test.context.support.ReactorContextTestExecutionListener@42257bdd, org.springframework.boot.test.autoconfigure.restdocs.RestDocsTestExecutionListener@7689ddef, org.springframework.boot.test.autoconfigure.web.client.MockRestServiceServerResetTestExecutionListener@687a762c, org.springframework.boot.test.autoconfigure.web.servlet.MockMvcPrintOnlyOnFailureTestExecutionListener@1a2e2935, org.springframework.boot.test.autoconfigure.web.servlet.WebDriverTestExecutionListener@733c423e, org.springframework.boot.test.autoconfigure.webservices.client.MockWebServiceServerTestExecutionListener@4b629f13, org.springframework.boot.test.mock.mockito.ResetMocksTestExecutionListener@70925b45]
20:42:39.668 [Test worker] DEBUG org.springframework.test.context.support.AbstractDirtiesContextTestExecutionListener - Before test class: context [DefaultTestContext@1494b84d testClass = S3ServiceTest, testInstance = [null], testMethod = [null], testException = [null], mergedContextConfiguration = [WebMergedContextConfiguration@34abdee4 testClass = S3ServiceTest, locations = '{}', classes = '{class net.anna.jwtappawss3.JwtAppAwsS3Application}', contextInitializerClasses = '[]', activeProfiles = '{}', propertySourceLocations = '{}', propertySourceProperties = '{org.springframework.boot.test.context.SpringBootTestContextBootstrapper=true}', contextCustomizers = set[org.springframework.boot.test.autoconfigure.actuate.metrics.MetricsExportContextCustomizerFactory$DisableMetricExportContextCustomizer@6c45ee6e, org.springframework.boot.test.autoconfigure.properties.PropertyMappingContextCustomizer@0, org.springframework.boot.test.autoconfigure.web.servlet.WebDriverContextCustomizerFactory$Customizer@48d5f34e, org.springframework.boot.test.context.filter.ExcludeFilterContextCustomizer@57ea113a, org.springframework.boot.test.json.DuplicateJsonObjectContextCustomizerFactory$DuplicateJsonObjectContextCustomizer@2b0f373b, org.springframework.boot.test.mock.mockito.MockitoContextCustomizer@0, org.springframework.boot.test.web.client.TestRestTemplateContextCustomizer@12bd8a64, org.springframework.boot.test.context.SpringBootTestArgs@1, org.springframework.boot.test.context.SpringBootTestWebEnvironment@5afa3c9], resourceBasePath = 'src/main/webapp', contextLoader = 'org.springframework.boot.test.context.SpringBootContextLoader', parent = [null]], attributes = map['org.springframework.test.context.web.ServletTestExecutionListener.activateListener' -> true]], class annotated with @DirtiesContext [false] with mode [null].
20:42:39.702 [Test worker] DEBUG org.springframework.test.context.support.TestPropertySourceUtils - Adding inlined properties to environment: {spring.jmx.enabled=false, org.springframework.boot.test.context.SpringBootTestContextBootstrapper=true}

  .   ____          _            __ _ _
 /\\ / ___'_ __ _ _(_)_ __  __ _ \ \ \ \
( ( )\___ | '_ | '_| | '_ \/ _` | \ \ \ \
 \\/  ___)| |_)| | | | | || (_| |  ) ) ) )
  '  |____| .__|_| |_|_| |_\__, | / / / /
 =========|_|==============|___/=/_/_/_/
 :: Spring Boot ::                (v2.5.4)

2022-11-17 20:42:40.030  INFO 123038 --- [    Test worker] n.a.jwtappawss3.service.S3ServiceTest    : Starting S3ServiceTest using Java 11.0.9.1 on host-156 with PID 123038 (started by anya in /home/anya/jwtappawss3)
2022-11-17 20:42:40.033  INFO 123038 --- [    Test worker] n.a.jwtappawss3.service.S3ServiceTest    : No active profile set, falling back to default profiles: default
2022-11-17 20:42:40.804  INFO 123038 --- [    Test worker] .s.d.r.c.RepositoryConfigurationDelegate : Bootstrapping Spring Data JPA repositories in DEFAULT mode.
2022-11-17 20:42:40.870  INFO 123038 --- [    Test worker] .s.d.r.c.RepositoryConfigurationDelegate : Finished Spring Data repository scanning in 58 ms. Found 4 JPA repository interfaces.
2022-11-17 20:42:41.710  INFO 123038 --- [    Test worker] liquibase.lockservice                    : Successfully acquired change log lock
2022-11-17 20:42:41.945  INFO 123038 --- [    Test worker] liquibase.changelog                      : Reading from event.DATABASECHANGELOG
2022-11-17 20:42:42.003  INFO 123038 --- [    Test worker] liquibase.lockservice                    : Successfully released change log lock
2022-11-17 20:42:42.121  INFO 123038 --- [    Test worker] com.zaxxer.hikari.HikariDataSource       : HikariPool-1 - Starting...
2022-11-17 20:42:42.126  WARN 123038 --- [    Test worker] com.zaxxer.hikari.util.DriverDataSource  : Registered driver with driverClassName=com.mysql.jdbc.Driver was not found, trying direct instantiation.
2022-11-17 20:42:42.138  INFO 123038 --- [    Test worker] com.zaxxer.hikari.HikariDataSource       : HikariPool-1 - Start completed.
2022-11-17 20:42:42.205  INFO 123038 --- [    Test worker] o.hibernate.jpa.internal.util.LogHelper  : HHH000204: Processing PersistenceUnitInfo [name: default]
2022-11-17 20:42:42.285  INFO 123038 --- [    Test worker] org.hibernate.Version                    : HHH000412: Hibernate ORM core version 5.4.32.Final
2022-11-17 20:42:42.466  INFO 123038 --- [    Test worker] o.hibernate.annotations.common.Version   : HCANN000001: Hibernate Commons Annotations {5.1.2.Final}
2022-11-17 20:42:42.618  INFO 123038 --- [    Test worker] org.hibernate.dialect.Dialect            : HHH000400: Using dialect: org.hibernate.dialect.MySQL55Dialect
2022-11-17 20:42:43.312  INFO 123038 --- [    Test worker] o.h.e.t.j.p.i.JtaPlatformInitiator       : HHH000490: Using JtaPlatform implementation: [org.hibernate.engine.transaction.jta.platform.internal.NoJtaPlatform]
2022-11-17 20:42:43.323  INFO 123038 --- [    Test worker] j.LocalContainerEntityManagerFactoryBean : Initialized JPA EntityManagerFactory for persistence unit 'default'
2022-11-17 20:42:43.823  WARN 123038 --- [    Test worker] JpaBaseConfiguration$JpaWebConfiguration : spring.jpa.open-in-view is enabled by default. Therefore, database queries may be performed during view rendering. Explicitly configure spring.jpa.open-in-view to disable this warning
2022-11-17 20:42:45.370  INFO 123038 --- [    Test worker] o.s.s.web.DefaultSecurityFilterChain     : Will secure any request with [org.springframework.security.web.context.request.async.WebAsyncManagerIntegrationFilter@67cc5a38, org.springframework.security.web.context.SecurityContextPersistenceFilter@4d609cc3, org.springframework.security.web.header.HeaderWriterFilter@537e52de, org.springframework.security.web.authentication.logout.LogoutFilter@2e04dbc1, net.anna.jwtappawss3.security.jwt.JwtTokenFilter@23b62cc3, org.springframework.security.web.savedrequest.RequestCacheAwareFilter@6fb514db, org.springframework.security.web.servletapi.SecurityContextHolderAwareRequestFilter@5e81b406, org.springframework.security.web.authentication.AnonymousAuthenticationFilter@f4e235e, org.springframework.security.web.session.SessionManagementFilter@6992a147, org.springframework.security.web.access.ExceptionTranslationFilter@65a03c19, org.springframework.security.web.access.intercept.FilterSecurityInterceptor@158f0af4]
2022-11-17 20:42:45.452  INFO 123038 --- [    Test worker] n.a.jwtappawss3.service.S3ServiceTest    : Started S3ServiceTest in 5.743 seconds (JVM running for 6.988)
2022-11-17 20:42:47.101  INFO 123038 --- [    Test worker] net.anna.jwtappawss3.service.S3Service   : File name: 1.txt
2022-11-17 20:42:47.101  INFO 123038 --- [    Test worker] net.anna.jwtappawss3.service.S3Service   : File name: 11.txt
2022-11-17 20:42:47.102  INFO 123038 --- [    Test worker] net.anna.jwtappawss3.service.S3Service   : File name: 2.txt
2022-11-17 20:42:47.903  INFO 123038 --- [    Test worker] net.anna.jwtappawss3.service.S3Service   : buckets: [S3Bucket [name=annalazutina, creationDate=Sat Oct 15 11:45:02 MSK 2022, owner=S3Owner [name=proselytear,id=9772ab74173a02e9806225483854a8e66cc29b04b140889afa18b7f4ef85df8b]], S3Bucket [name=proselytetutorial, creationDate=Mon Aug 23 11:02:28 MSK 2021, owner=S3Owner [name=proselytear,id=9772ab74173a02e9806225483854a8e66cc29b04b140889afa18b7f4ef85df8b]], S3Bucket [name=proselytetutorial2, creationDate=Mon Aug 23 11:13:26 MSK 2021, owner=S3Owner [name=proselytear,id=9772ab74173a02e9806225483854a8e66cc29b04b140889afa18b7f4ef85df8b]], S3Bucket [name=proselytetutorial3, creationDate=Sat Oct 15 11:32:13 MSK 2022, owner=S3Owner [name=proselytear,id=9772ab74173a02e9806225483854a8e66cc29b04b140889afa18b7f4ef85df8b]], S3Bucket [name=rumplbucket, creationDate=Wed Oct 13 11:28:09 MSK 2021, owner=S3Owner [name=proselytear,id=9772ab74173a02e9806225483854a8e66cc29b04b140889afa18b7f4ef85df8b]], S3Bucket [name=sergekornilovapp, creationDate=Fri Sep 16 15:35:00 MSK 2022, owner=S3Owner [name=proselytear,id=9772ab74173a02e9806225483854a8e66cc29b04b140889afa18b7f4ef85df8b]], S3Bucket [name=tcsystem, creationDate=Mon Nov 19 14:45:58 MSK 2018, owner=S3Owner [name=proselytear,id=9772ab74173a02e9806225483854a8e66cc29b04b140889afa18b7f4ef85df8b]], S3Bucket [name=teamgetter, creationDate=Tue Jun 04 15:43:56 MSK 2019, owner=S3Owner [name=proselytear,id=9772ab74173a02e9806225483854a8e66cc29b04b140889afa18b7f4ef85df8b]]]
2022-11-17 20:42:48.317  INFO 123038 --- [    Test worker] net.anna.jwtappawss3.service.S3Service   : Bucket annalazutina already exists, use a different name
]]></system-out>
  <system-err><![CDATA[Loading class `com.mysql.jdbc.Driver'. This is deprecated. The new driver class is `com.mysql.cj.jdbc.Driver'. The driver is automatically registered via the SPI and manual loading of the driver class is generally unnecessary.
]]></system-err>
</testsuite>
